[INFO] 17-09-2023 17:12:39 [main] [LogUtils] - cacumber test
[INFO] 17-09-2023 17:29:11 [main] [LogUtils] - Warning !! Can not Load All File.
[INFO] 17-09-2023 17:30:45 [main] [LogUtils] - Warning !! Can not Load All File.
[INFO] 17-09-2023 17:32:59 [main] [LogUtils] - Warning !! Can not Load All File.
[INFO] 17-09-2023 17:34:14 [main] [LogUtils] - Warning !! Can not Load All File.
[INFO] 17-09-2023 17:38:44 [main] [LogUtils] - Warning !! Can not Load All File.
[INFO] 17-09-2023 17:40:50 [main] [LogUtils] - Warning !! Can not Load All File.
[INFO] 17-09-2023 17:41:50 [main] [LogUtils] - Warning !! Can not Load All File.
[INFO] 17-09-2023 17:42:23 [main] [LogUtils] - Warning !! Can not Load All File.
[INFO] 17-09-2023 17:43:43 [main] [LogUtils] - Warning !! Can not Load All File.
[INFO] 17-09-2023 17:46:37 [main] [LogUtils] - Warning !! Can not Load All File.
[INFO] 17-09-2023 17:47:42 [main] [LogUtils] - Warning !! Can not Load All File.
[INFO] 17-09-2023 17:48:12 [main] [LogUtils] - Warning !! Can not Load All File.
[INFO] 17-09-2023 17:49:04 [main] [LogUtils] - Warning !! Can not Load All File.
[INFO] 17-09-2023 17:49:45 [main] [LogUtils] - Warning !! Can not Load All File.
[INFO] 17-09-2023 17:50:13 [main] [LogUtils] - Warning !! Can not Load All File.
[INFO] 17-09-2023 17:55:30 [main] [LogUtils] - Warning !! Can not Load All File.
[INFO] 17-09-2023 17:55:51 [main] [LogUtils] - Warning !! Can not Load All File.
[INFO] 17-09-2023 17:56:08 [main] [LogUtils] - Warning !! Can not Load All File.
[INFO] 17-09-2023 17:56:50 [main] [LogUtils] - Warning !! Can not Load All File.
[INFO] 17-09-2023 17:57:21 [main] [LogUtils] - Warning !! Can not Load All File.
[INFO] 17-09-2023 17:57:47 [main] [LogUtils] - Warning !! Can not Load All File.
[INFO] 17-09-2023 18:03:29 [main] [LogUtils] - Warning !! Can not Load All File.
[INFO] 17-09-2023 18:04:40 [main] [LogUtils] - Loaded all properties files.
[INFO] 17-09-2023 18:04:40 [main] [LogUtils] - {BROWSER=edge, SCREENSHOT_FAIL=yes, RECORD_VIDEO=yes, AUTHOR=Anh Tester, ENV=dev, URL=http://localhost:8080/WebsiteBanSach-main/DoAnNhom02/DangNhap.php, SCREENSHOT_STEP=no, EXPLICIT_TIMEOUT=20, PAGE_LOAD_TIMEOUT=60, HEADLESS=true, USERNAME=huutrung, SCREENSHOT_PASS=no, product=PD0809A1, STEP_TIME=0, EXTENT_REPORT_PATH=reports/ExtentReport.html, RECORD_VIDEO_PATH=records, PASSWORD=123, category=Color, searchValue=London}
[INFO] 17-09-2023 18:06:52 [main] [LogUtils] - Loaded all properties files.
[INFO] 17-09-2023 18:06:52 [main] [LogUtils] - {BROWSER=edge, SCREENSHOT_FAIL=yes, RECORD_VIDEO=yes, AUTHOR=Anh Tester, ENV=dev, URL=http://localhost:8080/WebsiteBanSach-main/DoAnNhom02/DangNhap.php, SCREENSHOT_STEP=no, EXPLICIT_TIMEOUT=20, PAGE_LOAD_TIMEOUT=60, HEADLESS=true, USERNAME=huutrung, SCREENSHOT_PASS=no, product=PD0809A1, STEP_TIME=0, EXTENT_REPORT_PATH=reports/ExtentReport.html, RECORD_VIDEO_PATH=records, PASSWORD=123, category=Color, searchValue=London}
[INFO] 17-09-2023 18:09:22 [main] [LogUtils] - Loaded all properties files.
[INFO] 17-09-2023 18:09:22 [main] [LogUtils] - {BROWSER=edge, SCREENSHOT_FAIL=yes, RECORD_VIDEO=yes, AUTHOR=Anh Tester, ENV=dev, URL=http://localhost:8080/WebsiteBanSach-main/DoAnNhom02/DangNhap.php, SCREENSHOT_STEP=no, EXPLICIT_TIMEOUT=20, PAGE_LOAD_TIMEOUT=60, HEADLESS=true, USERNAME=huutrung, SCREENSHOT_PASS=no, product=PD0809A1, STEP_TIME=0, EXTENT_REPORT_PATH=reports/ExtentReport.html, RECORD_VIDEO_PATH=records, PASSWORD=123, category=Color, searchValue=London}
[INFO] 17-09-2023 18:10:51 [main] [LogUtils] - Loaded all properties files.
[INFO] 17-09-2023 18:10:51 [main] [LogUtils] - {BROWSER=edge, SCREENSHOT_FAIL=yes, RECORD_VIDEO=yes, AUTHOR=Anh Tester, ENV=dev, URL=http://localhost:8080/WebsiteBanSach-main/DoAnNhom02/DangNhap.php, SCREENSHOT_STEP=no, EXPLICIT_TIMEOUT=20, PAGE_LOAD_TIMEOUT=60, HEADLESS=true, USERNAME=huutrung, SCREENSHOT_PASS=no, product=PD0809A1, STEP_TIME=0, EXTENT_REPORT_PATH=reports/ExtentReport.html, RECORD_VIDEO_PATH=records, PASSWORD=123, category=Color, searchValue=London}
[INFO] 17-09-2023 18:12:56 [main] [LogUtils] - Loaded all properties files.
[INFO] 17-09-2023 18:12:56 [main] [LogUtils] - {BROWSER=edge, SCREENSHOT_FAIL=yes, RECORD_VIDEO=yes, AUTHOR=Anh Tester, ENV=dev, URL=http://localhost:8080/WebsiteBanSach-main/DoAnNhom02/DangNhap.php, SCREENSHOT_STEP=no, EXPLICIT_TIMEOUT=20, PAGE_LOAD_TIMEOUT=60, HEADLESS=true, USERNAME=huutrung, SCREENSHOT_PASS=no, product=PD0809A1, STEP_TIME=0, EXTENT_REPORT_PATH=reports/ExtentReport.html, RECORD_VIDEO_PATH=records, PASSWORD=123, category=Color, searchValue=London}
[INFO] 17-09-2023 18:15:43 [main] [LogUtils] - Loaded all properties files.
[INFO] 17-09-2023 18:15:43 [main] [LogUtils] - {BROWSER=edge, SCREENSHOT_FAIL=yes, RECORD_VIDEO=yes, AUTHOR=Anh Tester, ENV=dev, URL=http://localhost:8080/WebsiteBanSach-main/DoAnNhom02/DangNhap.php, SCREENSHOT_STEP=no, EXPLICIT_TIMEOUT=20, PAGE_LOAD_TIMEOUT=60, HEADLESS=true, USERNAME=huutrung, SCREENSHOT_PASS=no, product=PD0809A1, STEP_TIME=0, EXTENT_REPORT_PATH=reports/ExtentReport.html, RECORD_VIDEO_PATH=records, PASSWORD=123, category=Color, searchValue=London}
[INFO] 17-09-2023 18:16:38 [main] [LogUtils] - Loaded all properties files.
[INFO] 17-09-2023 18:16:38 [main] [LogUtils] - {BROWSER=edge, SCREENSHOT_FAIL=yes, RECORD_VIDEO=yes, AUTHOR=Anh Tester, ENV=dev, URL=http://localhost:8080/WebsiteBanSach-main/DoAnNhom02/DangNhap.php, SCREENSHOT_STEP=no, EXPLICIT_TIMEOUT=20, PAGE_LOAD_TIMEOUT=60, HEADLESS=true, USERNAME=huutrung, SCREENSHOT_PASS=no, product=PD0809A1, STEP_TIME=0, EXTENT_REPORT_PATH=reports/ExtentReport.html, RECORD_VIDEO_PATH=records, PASSWORD=123, category=Color, searchValue=London}
[INFO] 17-09-2023 18:20:33 [main] [LogUtils] - Loaded all properties files.
[INFO] 17-09-2023 18:20:33 [main] [LogUtils] - {BROWSER=edge, SCREENSHOT_FAIL=yes, RECORD_VIDEO=yes, AUTHOR=Anh Tester, ENV=dev, URL=http://localhost:8080/WebsiteBanSach-main/DoAnNhom02/DangNhap.php, SCREENSHOT_STEP=no, EXPLICIT_TIMEOUT=20, PAGE_LOAD_TIMEOUT=60, HEADLESS=true, USERNAME=huutrung, SCREENSHOT_PASS=no, product=PD0809A1, STEP_TIME=0, EXTENT_REPORT_PATH=reports/ExtentReport.html, RECORD_VIDEO_PATH=records, PASSWORD=123, category=Color, searchValue=London}
[INFO] 17-09-2023 18:21:50 [main] [LogUtils] - Loaded all properties files.
[INFO] 17-09-2023 18:21:50 [main] [LogUtils] - {BROWSER=edge, SCREENSHOT_FAIL=yes, RECORD_VIDEO=yes, AUTHOR=Anh Tester, ENV=dev, URL=http://localhost:8080/WebsiteBanSach-main/DoAnNhom02/DangNhap.php, SCREENSHOT_STEP=no, EXPLICIT_TIMEOUT=20, PAGE_LOAD_TIMEOUT=60, HEADLESS=true, USERNAME=huutrung, SCREENSHOT_PASS=no, product=PD0809A1, STEP_TIME=0, EXTENT_REPORT_PATH=reports/ExtentReport.html, RECORD_VIDEO_PATH=records, PASSWORD=123, category=Color, searchValue=London}
[INFO] 17-09-2023 18:21:50 [main] [LogUtils] - Loaded all properties files.
[INFO] 17-09-2023 18:21:50 [main] [LogUtils] - {BROWSER=edge, SCREENSHOT_FAIL=yes, RECORD_VIDEO=yes, AUTHOR=Anh Tester, ENV=dev, URL=http://localhost:8080/WebsiteBanSach-main/DoAnNhom02/DangNhap.php, SCREENSHOT_STEP=no, EXPLICIT_TIMEOUT=20, PAGE_LOAD_TIMEOUT=60, HEADLESS=true, USERNAME=huutrung, SCREENSHOT_PASS=no, product=PD0809A1, STEP_TIME=0, EXTENT_REPORT_PATH=reports/ExtentReport.html, RECORD_VIDEO_PATH=records, PASSWORD=123, category=Color, searchValue=London}
[INFO] 17-09-2023 18:21:50 [main] [LogUtils] - Open URL: http://localhost:8080/WebsiteBanSach-main/DoAnNhom02/DangNhap.php
[INFO] 17-09-2023 18:23:51 [main] [LogUtils] - Loaded all properties files.
[INFO] 17-09-2023 18:23:51 [main] [LogUtils] - {BROWSER=edge, SCREENSHOT_FAIL=yes, RECORD_VIDEO=yes, AUTHOR=Anh Tester, ENV=dev, URL=http://localhost:8080/WebsiteBanSach-main/DoAnNhom02/DangNhap.php, SCREENSHOT_STEP=no, EXPLICIT_TIMEOUT=20, PAGE_LOAD_TIMEOUT=60, HEADLESS=true, USERNAME=huutrung, SCREENSHOT_PASS=no, product=PD0809A1, STEP_TIME=0, EXTENT_REPORT_PATH=reports/ExtentReport.html, RECORD_VIDEO_PATH=records, PASSWORD=123, category=Color, searchValue=London}
[INFO] 17-09-2023 18:23:51 [main] [LogUtils] - Loaded all properties files.
[INFO] 17-09-2023 18:23:51 [main] [LogUtils] - {BROWSER=edge, SCREENSHOT_FAIL=yes, RECORD_VIDEO=yes, AUTHOR=Anh Tester, ENV=dev, URL=http://localhost:8080/WebsiteBanSach-main/DoAnNhom02/DangNhap.php, SCREENSHOT_STEP=no, EXPLICIT_TIMEOUT=20, PAGE_LOAD_TIMEOUT=60, HEADLESS=true, USERNAME=huutrung, SCREENSHOT_PASS=no, product=PD0809A1, STEP_TIME=0, EXTENT_REPORT_PATH=reports/ExtentReport.html, RECORD_VIDEO_PATH=records, PASSWORD=123, category=Color, searchValue=London}
[INFO] 17-09-2023 18:23:51 [main] [LogUtils] - Open URL: http://localhost:8080/WebsiteBanSach-main/DoAnNhom02/DangNhap.php
[INFO] 17-09-2023 18:26:10 [main] [LogUtils] - Loaded all properties files.
[INFO] 17-09-2023 18:26:10 [main] [LogUtils] - {BROWSER=edge, SCREENSHOT_FAIL=yes, RECORD_VIDEO=yes, AUTHOR=Anh Tester, ENV=dev, URL=http://localhost:8080/WebsiteBanSach-main/DoAnNhom02/DangNhap.php, SCREENSHOT_STEP=no, EXPLICIT_TIMEOUT=20, PAGE_LOAD_TIMEOUT=60, HEADLESS=true, USERNAME=huutrung, SCREENSHOT_PASS=no, product=PD0809A1, STEP_TIME=0, EXTENT_REPORT_PATH=reports/ExtentReport.html, RECORD_VIDEO_PATH=records, PASSWORD=123, category=Color, searchValue=London}
[INFO] 17-09-2023 18:26:10 [main] [LogUtils] - Loaded all properties files.
[INFO] 17-09-2023 18:26:10 [main] [LogUtils] - {BROWSER=edge, SCREENSHOT_FAIL=yes, RECORD_VIDEO=yes, AUTHOR=Anh Tester, ENV=dev, URL=http://localhost:8080/WebsiteBanSach-main/DoAnNhom02/DangNhap.php, SCREENSHOT_STEP=no, EXPLICIT_TIMEOUT=20, PAGE_LOAD_TIMEOUT=60, HEADLESS=true, USERNAME=huutrung, SCREENSHOT_PASS=no, product=PD0809A1, STEP_TIME=0, EXTENT_REPORT_PATH=reports/ExtentReport.html, RECORD_VIDEO_PATH=records, PASSWORD=123, category=Color, searchValue=London}
[INFO] 17-09-2023 18:26:29 [main] [LogUtils] - Loaded all properties files.
[INFO] 17-09-2023 18:26:29 [main] [LogUtils] - {BROWSER=edge, SCREENSHOT_FAIL=yes, RECORD_VIDEO=yes, AUTHOR=Anh Tester, ENV=dev, URL=http://localhost:8080/WebsiteBanSach-main/DoAnNhom02/DangNhap.php, SCREENSHOT_STEP=no, EXPLICIT_TIMEOUT=20, PAGE_LOAD_TIMEOUT=60, HEADLESS=true, USERNAME=huutrung, SCREENSHOT_PASS=no, product=PD0809A1, STEP_TIME=0, EXTENT_REPORT_PATH=reports/ExtentReport.html, RECORD_VIDEO_PATH=records, PASSWORD=123, category=Color, searchValue=London}
[INFO] 17-09-2023 18:26:29 [main] [LogUtils] - Loaded all properties files.
[INFO] 17-09-2023 18:26:29 [main] [LogUtils] - {BROWSER=edge, SCREENSHOT_FAIL=yes, RECORD_VIDEO=yes, AUTHOR=Anh Tester, ENV=dev, URL=http://localhost:8080/WebsiteBanSach-main/DoAnNhom02/DangNhap.php, SCREENSHOT_STEP=no, EXPLICIT_TIMEOUT=20, PAGE_LOAD_TIMEOUT=60, HEADLESS=true, USERNAME=huutrung, SCREENSHOT_PASS=no, product=PD0809A1, STEP_TIME=0, EXTENT_REPORT_PATH=reports/ExtentReport.html, RECORD_VIDEO_PATH=records, PASSWORD=123, category=Color, searchValue=London}
[INFO] 17-09-2023 18:26:29 [main] [LogUtils] - Open URL: http://localhost:8080/WebsiteBanSach-main/DoAnNhom02/DangNhap.php
[INFO] 17-09-2023 18:32:56 [main] [LogUtils] - Loaded all properties files.
[INFO] 17-09-2023 18:32:56 [main] [LogUtils] - {BROWSER=edge, SCREENSHOT_FAIL=yes, RECORD_VIDEO=yes, AUTHOR=Anh Tester, ENV=dev, URL=http://localhost:8080/WebsiteBanSach-main/DoAnNhom02/DangNhap.php, SCREENSHOT_STEP=no, EXPLICIT_TIMEOUT=20, PAGE_LOAD_TIMEOUT=60, HEADLESS=true, USERNAME=huutrung, SCREENSHOT_PASS=no, product=PD0809A1, STEP_TIME=0, EXTENT_REPORT_PATH=reports/ExtentReport.html, RECORD_VIDEO_PATH=records, PASSWORD=123, category=Color, searchValue=London}
[INFO] 17-09-2023 18:32:56 [main] [LogUtils] - Loaded all properties files.
[INFO] 17-09-2023 18:32:56 [main] [LogUtils] - {BROWSER=edge, SCREENSHOT_FAIL=yes, RECORD_VIDEO=yes, AUTHOR=Anh Tester, ENV=dev, URL=http://localhost:8080/WebsiteBanSach-main/DoAnNhom02/DangNhap.php, SCREENSHOT_STEP=no, EXPLICIT_TIMEOUT=20, PAGE_LOAD_TIMEOUT=60, HEADLESS=true, USERNAME=huutrung, SCREENSHOT_PASS=no, product=PD0809A1, STEP_TIME=0, EXTENT_REPORT_PATH=reports/ExtentReport.html, RECORD_VIDEO_PATH=records, PASSWORD=123, category=Color, searchValue=London}
[INFO] 17-09-2023 18:32:56 [main] [LogUtils] - Open URL: http://localhost:8080/WebsiteBanSach-main/DoAnNhom02/DangNhap.php
[INFO] 17-09-2023 18:34:12 [main] [LogUtils] - Loaded all properties files.
[INFO] 17-09-2023 18:34:12 [main] [LogUtils] - {BROWSER=edge, SCREENSHOT_FAIL=yes, RECORD_VIDEO=yes, AUTHOR=Anh Tester, ENV=dev, URL=http://localhost:8080/WebsiteBanSach-main/DoAnNhom02/DangNhap.php, SCREENSHOT_STEP=no, EXPLICIT_TIMEOUT=20, PAGE_LOAD_TIMEOUT=60, HEADLESS=true, USERNAME=huutrung, SCREENSHOT_PASS=no, product=PD0809A1, STEP_TIME=0, EXTENT_REPORT_PATH=reports/ExtentReport.html, RECORD_VIDEO_PATH=records, PASSWORD=123, category=Color, searchValue=London}
[INFO] 17-09-2023 18:34:16 [main] [LogUtils] - Loaded all properties files.
[INFO] 17-09-2023 18:34:16 [main] [LogUtils] - {BROWSER=edge, SCREENSHOT_FAIL=yes, RECORD_VIDEO=yes, AUTHOR=Anh Tester, ENV=dev, URL=http://localhost:8080/WebsiteBanSach-main/DoAnNhom02/DangNhap.php, SCREENSHOT_STEP=no, EXPLICIT_TIMEOUT=20, PAGE_LOAD_TIMEOUT=60, HEADLESS=true, USERNAME=huutrung, SCREENSHOT_PASS=no, product=PD0809A1, STEP_TIME=0, EXTENT_REPORT_PATH=reports/ExtentReport.html, RECORD_VIDEO_PATH=records, PASSWORD=123, category=Color, searchValue=London}
[INFO] 17-09-2023 18:34:16 [main] [LogUtils] - Open URL: http://localhost:8080/WebsiteBanSach-main/DoAnNhom02/DangNhap.php
[INFO] 17-09-2023 18:54:55 [main] [LogUtils] - Loaded all properties files.
[INFO] 17-09-2023 18:54:55 [main] [LogUtils] - {BROWSER=edge, SCREENSHOT_FAIL=yes, RECORD_VIDEO=yes, AUTHOR=Anh Tester, ENV=dev, URL=http://localhost:8080/WebsiteBanSach-main/DoAnNhom02/DangNhap.php, SCREENSHOT_STEP=no, EXPLICIT_TIMEOUT=20, PAGE_LOAD_TIMEOUT=60, HEADLESS=true, USERNAME=huutrung, SCREENSHOT_PASS=no, product=PD0809A1, STEP_TIME=0, EXTENT_REPORT_PATH=reports/ExtentReport.html, RECORD_VIDEO_PATH=records, PASSWORD=123, category=Color, searchValue=London}
[INFO] 17-09-2023 18:54:59 [main] [LogUtils] - Loaded all properties files.
[INFO] 17-09-2023 18:54:59 [main] [LogUtils] - {BROWSER=edge, SCREENSHOT_FAIL=yes, RECORD_VIDEO=yes, AUTHOR=Anh Tester, ENV=dev, URL=http://localhost:8080/WebsiteBanSach-main/DoAnNhom02/DangNhap.php, SCREENSHOT_STEP=no, EXPLICIT_TIMEOUT=20, PAGE_LOAD_TIMEOUT=60, HEADLESS=true, USERNAME=huutrung, SCREENSHOT_PASS=no, product=PD0809A1, STEP_TIME=0, EXTENT_REPORT_PATH=reports/ExtentReport.html, RECORD_VIDEO_PATH=records, PASSWORD=123, category=Color, searchValue=London}
[INFO] 17-09-2023 18:54:59 [main] [LogUtils] - Open URL: http://localhost:8080/WebsiteBanSach-main/DoAnNhom02/DangNhap.php
[INFO] 17-09-2023 18:54:59 [main] [LogUtils] - Set text: huutrung on element By.xpath: //input[@id='email']
[INFO] 17-09-2023 18:55:00 [main] [LogUtils] - Set text: 123 on element By.xpath: //input[@id='password']
[INFO] 17-09-2023 18:56:59 [main] [LogUtils] - Loaded all properties files.
[INFO] 17-09-2023 18:56:59 [main] [LogUtils] - {BROWSER=edge, SCREENSHOT_FAIL=yes, RECORD_VIDEO=yes, AUTHOR=Anh Tester, ENV=dev, URL=http://localhost:8080/WebsiteBanSach-main/DoAnNhom02/DangNhap.php, SCREENSHOT_STEP=no, EXPLICIT_TIMEOUT=20, PAGE_LOAD_TIMEOUT=60, HEADLESS=true, USERNAME=huutrung, SCREENSHOT_PASS=no, product=PD0809A1, STEP_TIME=0, EXTENT_REPORT_PATH=reports/ExtentReport.html, RECORD_VIDEO_PATH=records, PASSWORD=123, category=Color, searchValue=London}
[INFO] 17-09-2023 19:26:56 [main] [LogUtils] - Loaded all properties files.
[INFO] 17-09-2023 19:26:56 [main] [LogUtils] - {BROWSER=edge, SCREENSHOT_FAIL=yes, RECORD_VIDEO=yes, AUTHOR=Anh Tester, ENV=dev, URL=http://localhost:8080/WebsiteBanSach-main/DoAnNhom02/DangNhap.php, SCREENSHOT_STEP=no, EXPLICIT_TIMEOUT=20, PAGE_LOAD_TIMEOUT=60, HEADLESS=true, USERNAME=huutrung, SCREENSHOT_PASS=no, product=PD0809A1, STEP_TIME=0, EXTENT_REPORT_PATH=reports/ExtentReport.html, RECORD_VIDEO_PATH=records, PASSWORD=123, category=Color, searchValue=London}
[INFO] 17-09-2023 20:32:45 [main] [LogUtils] - Loaded all properties files.
[INFO] 17-09-2023 20:32:45 [main] [LogUtils] - {BROWSER=edge, SCREENSHOT_FAIL=yes, RECORD_VIDEO=yes, AUTHOR=Anh Tester, ENV=dev, URL=http://localhost:8080/WebsiteBanSach-main/DoAnNhom02/DangNhap.php, SCREENSHOT_STEP=no, EXPLICIT_TIMEOUT=20, PAGE_LOAD_TIMEOUT=60, HEADLESS=true, USERNAME=huutrung, SCREENSHOT_PASS=no, product=PD0809A1, STEP_TIME=0, EXTENT_REPORT_PATH=reports/ExtentReport.html, RECORD_VIDEO_PATH=records, PASSWORD=123, category=Color, searchValue=London}
[INFO] 17-09-2023 20:37:19 [main] [LogUtils] - Loaded all properties files.
[INFO] 17-09-2023 20:37:19 [main] [LogUtils] - {BROWSER=edge, SCREENSHOT_FAIL=yes, RECORD_VIDEO=yes, AUTHOR=Anh Tester, ENV=dev, URL=http://localhost:8080/WebsiteBanSach-main/DoAnNhom02/DangNhap.php, SCREENSHOT_STEP=no, EXPLICIT_TIMEOUT=20, PAGE_LOAD_TIMEOUT=60, HEADLESS=true, USERNAME=huutrung, SCREENSHOT_PASS=no, product=PD0809A1, STEP_TIME=0, EXTENT_REPORT_PATH=reports/ExtentReport.html, RECORD_VIDEO_PATH=records, PASSWORD=123, category=Color, searchValue=London}
[INFO] 17-09-2023 20:37:23 [main] [LogUtils] - Loaded all properties files.
[INFO] 17-09-2023 20:37:23 [main] [LogUtils] - {BROWSER=edge, SCREENSHOT_FAIL=yes, RECORD_VIDEO=yes, AUTHOR=Anh Tester, ENV=dev, URL=http://localhost:8080/WebsiteBanSach-main/DoAnNhom02/DangNhap.php, SCREENSHOT_STEP=no, EXPLICIT_TIMEOUT=20, PAGE_LOAD_TIMEOUT=60, HEADLESS=true, USERNAME=huutrung, SCREENSHOT_PASS=no, product=PD0809A1, STEP_TIME=0, EXTENT_REPORT_PATH=reports/ExtentReport.html, RECORD_VIDEO_PATH=records, PASSWORD=123, category=Color, searchValue=London}
[INFO] 17-09-2023 20:37:24 [main] [LogUtils] - Open URL: http://localhost:8080/WebsiteBanSach-main/DoAnNhom02/DangNhap.php
[INFO] 17-09-2023 20:37:24 [main] [LogUtils] - Set text: huutrung on element By.xpath: //input[@id='email']
[INFO] 17-09-2023 20:37:24 [main] [LogUtils] - Set text: 123 on element By.xpath: //input[@id='password']
